Loading required package: methods
Loading required package: grid
[1] "PCPG"
[1] "THCA"
[1] "KIRP"
[1] "BLCA"
[1] "PAAD"
[1] "LIHC"
[1] "HNSC"
[1] "BRCA"
[1] "GBM"
[1] "LUAD"
[1] "UCS"
[1] "ACC"
[1] "CESC"
[1] "UVM"
[1] "PRAD"
[1] "ESCA"
[1] "THYM"
[1] "SKCM"
[1] "KICH"
[1] "LUSC"
[1] "SARC"
[1] "KIRC"
[1] "OV"
[1] "UCEC"
[1] "LGG"
[1] "MESO"
[1] "CHOL"
[1] "STAD"
[1] "COAD"
[1] "TGCT"
[1] "DLBC"
[1] "READ"
Initialising 33 core cluster.
Source: party_df [33 x 4]
Groups: PARTITION_ID
Shards: 33 [1--1 rows]

# S3: party_df
   cancer_types                    expr PARTITION_ID   out
          <chr>                  <list>        <dbl> <chr>
 1         BLCA <tibble [20,531 x 429]>            1  BLCA
 2         MESO  <tibble [20,531 x 89]>            2  MESO
 3         PAAD <tibble [20,531 x 185]>            3  PAAD
 4         KIRP <tibble [20,531 x 325]>            4  KIRP
 5          UCS  <tibble [20,531 x 59]>            5   UCS
 6         PCPG <tibble [20,531 x 189]>            6  PCPG
 7         KICH  <tibble [20,531 x 93]>            7  KICH
 8         PRAD <tibble [20,531 x 552]>            8  PRAD
 9         LUAD <tibble [20,531 x 578]>            9  LUAD
10         LUSC <tibble [20,531 x 556]>           10  LUSC
# ... with 23 more rows
Initialising 16 core cluster.
Error in summary.connection(connection) : 
  no function to return from, jumping to top level
Calls: <Anonymous> ... sendData.SOCKnode -> serialize -> summary -> summary.connection
Error in summary.connection(connection) : 
  no function to return from, jumping to top level
Calls: <Anonymous> ... sendData.SOCKnode -> serialize -> summary -> summary.connection
Error in summary.connection(connection) : 
  no function to return from, jumping to top level
Calls: <Anonymous> ... sendData.SOCKnode -> serialize -> summary -> summary.connection
# A tibble: 16 x 3
# Groups:   PARTITION_ID [16]
   cancer_types PARTITION_ID   res
          <chr>        <dbl> <chr>
 1         PRAD            1  PRAD
 2         KICH            2  KICH
 3         THCA            3  THCA
 4         KIRP            4  KIRP
 5         ESCA            5  ESCA
 6         STAD            6  STAD
 7         BRCA            7  BRCA
 8         BLCA            8  BLCA
 9         LUSC            9  LUSC
10         LUAD           10  LUAD
11         READ           11  READ
12         LIHC           12  LIHC
13         HNSC           13  HNSC
14         COAD           14  COAD
15         UCEC           15  UCEC
16         KIRC           16  KIRC
Error in summary.connection(connection) : invalid connection
Calls: <Anonymous> ... sendData.SOCKnode -> serialize -> summary -> summary.connection
Execution halted
