Loading required package: methods
Loading required package: tidyverse
Loading tidyverse: ggplot2
Loading tidyverse: tibble
Loading tidyverse: tidyr
Loading tidyverse: readr
Loading tidyverse: purrr
Loading tidyverse: dplyr
Conflicts with tidy packages ---------------------------------------------------
filter(): dplyr, stats
lag():    dplyr, stats
Loading required package: stringr
Warning: 1 parsing failure.
row col  expected    actual
189  -- 6 columns 1 columns

Warning: 1 parsing failure.
row col  expected    actual
194  -- 6 columns 1 columns

Warning: 1 parsing failure.
row col  expected    actual
159  -- 6 columns 1 columns

Warning: 1 parsing failure.
row col  expected    actual
217  -- 6 columns 1 columns

Warning: 1 parsing failure.
row col  expected    actual
192  -- 6 columns 1 columns

Warning: 1 parsing failure.
row col  expected    actual
194  -- 6 columns 1 columns

Warning: 1 parsing failure.
row col  expected    actual
191  -- 6 columns 1 columns

Warning: 1 parsing failure.
row col  expected    actual
117  -- 6 columns 1 columns

Warning: 1 parsing failure.
row col  expected    actual
184  -- 6 columns 1 columns

Warning: 1 parsing failure.
row col  expected    actual
194  -- 6 columns 1 columns

Warning: 1 parsing failure.
row col  expected    actual
139  -- 6 columns 1 columns

Warning: 3 parsing failures.
row col               expected    actual
175 pos no trailing characters          
175 NA  6 columns              7 columns
262 NA  6 columns              1 columns

Warning: 1 parsing failure.
row col  expected    actual
192  -- 6 columns 1 columns

Warning: 1 parsing failure.
row col  expected    actual
174  -- 6 columns 1 columns

Warning: 1 parsing failure.
row col  expected    actual
207  -- 6 columns 5 columns

Warning: 1 parsing failure.
row col  expected    actual
178  -- 6 columns 1 columns

Warning: 1 parsing failure.
row col  expected    actual
203  -- 6 columns 4 columns

Error in if (!after) c(values, x) else if (after >= lengx) c(x, values) else c(x[1L:after],  : 
  argument is of length zero
Calls: %>% ... NextMethod -> separate_.data.frame -> append_df -> append
In addition: There were 14 warnings (use warnings() to see them)
Execution halted
